-------------------------------------------------------------------------------
Test set: com.code.TestJson
-------------------------------------------------------------------------------
Tests run: 1, Failures: 1, Errors: 0, Skipped: 0, Time elapsed: 0.006 sec <<< FAILURE!
com.code.TestJson.testProposedJsonFile()  Time elapsed: 0.004 sec  <<< FAILURE!
java.lang.NullPointerException
	at com.code.TestJson.testProposedJsonFile(TestJson.java:92)

