<?xml version="1.0" encoding="UTF-8" ?>
<testsuite tests="1" failures="1" name="com.code.TestJson" time="0.004" errors="0" skipped="0">
  <properties>
[...]
</properties>
  <testcase classname="com.code.TestJson" name="com.code.TestJson.testProposedJsonFile" time="0.004">
    <failure type="java.lang.NullPointerException">java.lang.NullPointerException
	at com.code.TestJson.testProposedJsonFile(TestJson.java:92)
</failure>
    <system-out>-------------------------JSONFILE--------------------------
1-[[List All Persons]]

File is Empty 

2-[[Delete Specific Person]]  selectedMail = &quot;ahmedali@gmailcom&quot; 

Not Found Person with this Mail , File is Empty 

3-[[Filter by any Field]] field= &quot;mail&quot; value= &quot;Player&quot; 

Not found value of Player in Field mail,File is Empty 

4-[[Sort on any Field]] selectedField= &quot;age

File is Empty 

5-[[Update Person&apos;s information]] selectedMail=&quot;ahmednasser@gmail , updatedPerson= &quot;Ahmed&quot;,&quot;Nasser&quot;,&quot;Developer&quot;,&quot;01141612615&quot;,&quot;24&quot;,&quot;ahmednasser@gmail&quot;
</system-out>
  </testcase>
</testsuite>